Determining if the pthread_create exist failed with the following output:
Change Dir: /home/rss-user-2/gazebo_plugin_tutorial/build/CMakeFiles/CMakeTmp

Run Build Command:"/usr/bin/make" "cmTC_929d8/fast"
/usr/bin/make -f CMakeFiles/cmTC_929d8.dir/build.make CMakeFiles/cmTC_929d8.dir/build
make[1]: Entering directory '/home/rss-user-2/gazebo_plugin_tutorial/build/CMakeFiles/CMakeTmp'
Building C object CMakeFiles/cmTC_929d8.dir/CheckSymbolExists.c.o
/usr/bin/cc    -o CMakeFiles/cmTC_929d8.dir/CheckSymbolExists.c.o   -c /home/rss-user-2/gazebo_plugin_tutorial/build/CMakeFiles/CMakeTmp/CheckSymbolExists.c
Linking C executable cmTC_929d8
/usr/bin/cmake -E cmake_link_script CMakeFiles/cmTC_929d8.dir/link.txt --verbose=1
/usr/bin/cc      -rdynamic CMakeFiles/cmTC_929d8.dir/CheckSymbolExists.c.o  -o cmTC_929d8 
CMakeFiles/cmTC_929d8.dir/CheckSymbolExists.c.o: In function `main':
CheckSymbolExists.c:(.text+0x14): undefined reference to `pthread_create'
CheckSymbolExists.c:(.text+0x18): undefined reference to `pthread_create'
collect2: error: ld returned 1 exit status
CMakeFiles/cmTC_929d8.dir/build.make:97: recipe for target 'cmTC_929d8' failed
make[1]: *** [cmTC_929d8] Error 1
make[1]: Leaving directory '/home/rss-user-2/gazebo_plugin_tutorial/build/CMakeFiles/CMakeTmp'
Makefile:126: recipe for target 'cmTC_929d8/fast' failed
make: *** [cmTC_929d8/fast] Error 2

File /home/rss-user-2/gazebo_plugin_tutorial/build/CMakeFiles/CMakeTmp/CheckSymbolExists.c:
/* */
#include <pthread.h>

int main(int argc, char** argv)
{
  (void)argv;
#ifndef pthread_create
  return ((int*)(&pthread_create))[argc];
#else
  (void)argc;
  return 0;
#endif
}

Determining if the function pthread_create exists in the pthreads failed with the following output:
Change Dir: /home/rss-user-2/gazebo_plugin_tutorial/build/CMakeFiles/CMakeTmp

Run Build Command:"/usr/bin/make" "cmTC_16626/fast"
/usr/bin/make -f CMakeFiles/cmTC_16626.dir/build.make CMakeFiles/cmTC_16626.dir/build
make[1]: Entering directory '/home/rss-user-2/gazebo_plugin_tutorial/build/CMakeFiles/CMakeTmp'
Building C object CMakeFiles/cmTC_16626.dir/CheckFunctionExists.c.o
/usr/bin/cc   -DCHECK_FUNCTION_EXISTS=pthread_create   -o CMakeFiles/cmTC_16626.dir/CheckFunctionExists.c.o   -c /usr/share/cmake-3.10/Modules/CheckFunctionExists.c
Linking C executable cmTC_16626
/usr/bin/cmake -E cmake_link_script CMakeFiles/cmTC_16626.dir/link.txt --verbose=1
/usr/bin/cc  -DCHECK_FUNCTION_EXISTS=pthread_create    -rdynamic CMakeFiles/cmTC_16626.dir/CheckFunctionExists.c.o  -o cmTC_16626 -lpthreads 
/usr/bin/ld: cannot find -lpthreads
collect2: error: ld returned 1 exit status
CMakeFiles/cmTC_16626.dir/build.make:97: recipe for target 'cmTC_16626' failed
make[1]: *** [cmTC_16626] Error 1
make[1]: Leaving directory '/home/rss-user-2/gazebo_plugin_tutorial/build/CMakeFiles/CMakeTmp'
Makefile:126: recipe for target 'cmTC_16626/fast' failed
make: *** [cmTC_16626/fast] Error 2


